# JRE version: OpenJDK Runtime Environment (8.0_202-b03) (build 1.8.0_202-release-1483-b03)
# Java VM: OpenJDK 64-Bit Server VM (25.202-b03 mixed mode windows-amd64 compressed oops)
Heap:
 PSYoungGen      total 92672K, used 78448K [0x00000000e0000000, 0x00000000e7e00000, 0x0000000100000000)
  eden space 81408K, 82% used [0x00000000e0000000,0x00000000e41a2890,0x00000000e4f80000)
  from space 11264K, 99% used [0x00000000e4f80000,0x00000000e5a79ac8,0x00000000e5a80000)
  to   space 13824K, 0% used [0x00000000e7080000,0x00000000e7080000,0x00000000e7e00000)
 ParOldGen       total 90624K, used 20477K [0x00000000a0000000, 0x00000000a5880000, 0x00000000e0000000)
  object space 90624K, 22% used [0x00000000a0000000,0x00000000a13ff5d0,0x00000000a5880000)
 Metaspace       used 54281K, capacity 55710K, committed 55896K, reserved 1097728K
  class space    used 7347K, capacity 7712K, committed 7808K, reserved 1048576K
GC Heap History (10 events):
Event: 24.235 GC heap before
{Heap before GC invocations=11 (full 1):
 PSYoungGen      total 60928K, used 58652K [0x00000000e0000000, 0x00000000e5480000, 0x0000000100000000)
  eden space 51200K, 100% used [0x00000000e0000000,0x00000000e3200000,0x00000000e3200000)
  from space 9728K, 76% used [0x00000000e3200000,0x00000000e3947018,0x00000000e3b80000)
  to   space 9728K, 0% used [0x00000000e4b00000,0x00000000e4b00000,0x00000000e5480000)
 ParOldGen       total 58880K, used 7731K [0x00000000a0000000, 0x00000000a3980000, 0x00000000e0000000)
  object space 58880K, 13% used [0x00000000a0000000,0x00000000a078cf18,0x00000000a3980000)
 Metaspace       used 33860K, capacity 34370K, committed 34560K, reserved 1079296K
  class space    used 4666K, capacity 4828K, committed 4864K, reserved 1048576K
Event: 24.242 GC heap after
Heap after GC invocations=11 (full 1):
 PSYoungGen      total 72704K, used 7307K [0x00000000e0000000, 0x00000000e5280000, 0x0000000100000000)
  eden space 65024K, 0% used [0x00000000e0000000,0x00000000e0000000,0x00000000e3f80000)
  from space 7680K, 95% used [0x00000000e4b00000,0x00000000e5222cc8,0x00000000e5280000)
  to   space 9728K, 0% used [0x00000000e3f80000,0x00000000e3f80000,0x00000000e4900000)
 ParOldGen       total 58880K, used 10167K [0x00000000a0000000, 0x00000000a3980000, 0x00000000e0000000)
  object space 58880K, 17% used [0x00000000a0000000,0x00000000a09edf38,0x00000000a3980000)
 Metaspace       used 33860K, capacity 34370K, committed 34560K, reserved 1079296K
  class space    used 4666K, capacity 4828K, committed 4864K, reserved 1048576K
}
Event: 25.545 GC heap before
{Heap before GC invocations=12 (full 1):
 PSYoungGen      total 72704K, used 18230K [0x00000000e0000000, 0x00000000e5280000, 0x0000000100000000)
  eden space 65024K, 16% used [0x00000000e0000000,0x00000000e0aaabb0,0x00000000e3f80000)
  from space 7680K, 95% used [0x00000000e4b00000,0x00000000e5222cc8,0x00000000e5280000)
  to   space 9728K, 0% used [0x00000000e3f80000,0x00000000e3f80000,0x00000000e4900000)
 ParOldGen       total 58880K, used 10167K [0x00000000a0000000, 0x00000000a3980000, 0x00000000e0000000)
  object space 58880K, 17% used [0x00000000a0000000,0x00000000a09edf38,0x00000000a3980000)
 Metaspace       used 34648K, capacity 35286K, committed 35416K, reserved 1079296K
  class space    used 4765K, capacity 4942K, committed 4992K, reserved 1048576K
Event: 25.553 GC heap after
Heap after GC invocations=12 (full 1):
 PSYoungGen      total 74752K, used 6254K [0x00000000e0000000, 0x00000000e6400000, 0x0000000100000000)
  eden space 65024K, 0% used [0x00000000e0000000,0x00000000e0000000,0x00000000e3f80000)
  from space 9728K, 64% used [0x00000000e3f80000,0x00000000e459bab0,0x00000000e4900000)
  to   space 9728K, 0% used [0x00000000e5a80000,0x00000000e5a80000,0x00000000e6400000)
 ParOldGen       total 58880K, used 10175K [0x00000000a0000000, 0x00000000a3980000, 0x00000000e0000000)
  object space 58880K, 17% used [0x00000000a0000000,0x00000000a09eff38,0x00000000a3980000)
 Metaspace       used 34648K, capacity 35286K, committed 35416K, reserved 1079296K
  class space    used 4765K, capacity 4942K, committed 4992K, reserved 1048576K
}
Event: 25.553 GC heap before
{Heap before GC invocations=13 (full 2):
 PSYoungGen      total 74752K, used 6254K [0x00000000e0000000, 0x00000000e6400000, 0x0000000100000000)
  eden space 65024K, 0% used [0x00000000e0000000,0x00000000e0000000,0x00000000e3f80000)
  from space 9728K, 64% used [0x00000000e3f80000,0x00000000e459bab0,0x00000000e4900000)
  to   space 9728K, 0% used [0x00000000e5a80000,0x00000000e5a80000,0x00000000e6400000)
 ParOldGen       total 58880K, used 10175K [0x00000000a0000000, 0x00000000a3980000, 0x00000000e0000000)
  object space 58880K, 17% used [0x00000000a0000000,0x00000000a09eff38,0x00000000a3980000)
 Metaspace       used 34648K, capacity 35286K, committed 35416K, reserved 1079296K
  class space    used 4765K, capacity 4942K, committed 4992K, reserved 1048576K
Event: 25.631 GC heap after
Heap after GC invocations=13 (full 2):
 PSYoungGen      total 74752K, used 0K [0x00000000e0000000, 0x00000000e6400000, 0x0000000100000000)
  eden space 65024K, 0% used [0x00000000e0000000,0x00000000e0000000,0x00000000e3f80000)
  from space 9728K, 0% used [0x00000000e3f80000,0x00000000e3f80000,0x00000000e4900000)
  to   space 9728K, 0% used [0x00000000e5a80000,0x00000000e5a80000,0x00000000e6400000)
 ParOldGen       total 90624K, used 15253K [0x00000000a0000000, 0x00000000a5880000, 0x00000000e0000000)
  object space 90624K, 16% used [0x00000000a0000000,0x00000000a0ee5608,0x00000000a5880000)
 Metaspace       used 34631K, capacity 35232K, committed 35416K, reserved 1079296K
  class space    used 4760K, capacity 4933K, committed 4992K, reserved 1048576K
}
Event: 30.463 GC heap before
{Heap before GC invocations=14 (full 2):
 PSYoungGen      total 74752K, used 65024K [0x00000000e0000000, 0x00000000e6400000, 0x0000000100000000)
  eden space 65024K, 100% used [0x00000000e0000000,0x00000000e3f80000,0x00000000e3f80000)
  from space 9728K, 0% used [0x00000000e3f80000,0x00000000e3f80000,0x00000000e4900000)
  to   space 9728K, 0% used [0x00000000e5a80000,0x00000000e5a80000,0x00000000e6400000)
 ParOldGen       total 90624K, used 15253K [0x00000000a0000000, 0x00000000a5880000, 0x00000000e0000000)
  object space 90624K, 16% used [0x00000000a0000000,0x00000000a0ee5608,0x00000000a5880000)
 Metaspace       used 42310K, capacity 43090K, committed 43352K, reserved 1087488K
  class space    used 5745K, capacity 5981K, committed 6016K, reserved 1048576K
Event: 30.472 GC heap after
Heap after GC invocations=14 (full 2):
 PSYoungGen      total 91136K, used 9718K [0x00000000e0000000, 0x00000000e6600000, 0x0000000100000000)
  eden space 81408K, 0% used [0x00000000e0000000,0x00000000e0000000,0x00000000e4f80000)
  from space 9728K, 99% used [0x00000000e5a80000,0x00000000e63fdb48,0x00000000e6400000)
  to   space 11264K, 0% used [0x00000000e4f80000,0x00000000e4f80000,0x00000000e5a80000)
 ParOldGen       total 90624K, used 17921K [0x00000000a0000000, 0x00000000a5880000, 0x00000000e0000000)
  object space 90624K, 19% used [0x00000000a0000000,0x00000000a1180700,0x00000000a5880000)
 Metaspace       used 42310K, capacity 43090K, committed 43352K, reserved 1087488K
  class space    used 5745K, capacity 5981K, committed 6016K, reserved 1048576K
}
Event: 33.803 GC heap before
{Heap before GC invocations=15 (full 2):
 PSYoungGen      total 91136K, used 91126K [0x00000000e0000000, 0x00000000e6600000, 0x0000000100000000)
  eden space 81408K, 100% used [0x00000000e0000000,0x00000000e4f80000,0x00000000e4f80000)
  from space 9728K, 99% used [0x00000000e5a80000,0x00000000e63fdb48,0x00000000e6400000)
  to   space 11264K, 0% used [0x00000000e4f80000,0x00000000e4f80000,0x00000000e5a80000)
 ParOldGen       total 90624K, used 17921K [0x00000000a0000000, 0x00000000a5880000, 0x00000000e0000000)
  object space 90624K, 19% used [0x00000000a0000000,0x00000000a1180700,0x00000000a5880000)
 Metaspace       used 48813K, capacity 50042K, committed 50136K, reserved 1093632K
  class space    used 6616K, capacity 6898K, committed 6912K, reserved 1048576K
Event: 33.813 GC heap after
Heap after GC invocations=15 (full 2):
 PSYoungGen      total 92672K, used 11238K [0x00000000e0000000, 0x00000000e7e00000, 0x0000000100000000)
  eden space 81408K, 0% used [0x00000000e0000000,0x00000000e0000000,0x00000000e4f80000)
  from space 11264K, 99% used [0x00000000e4f80000,0x00000000e5a79ac8,0x00000000e5a80000)
  to   space 13824K, 0% used [0x00000000e7080000,0x00000000e7080000,0x00000000e7e00000)
 ParOldGen       total 90624K, used 20477K [0x00000000a0000000, 0x00000000a5880000, 0x00000000e0000000)
  object space 90624K, 22% used [0x00000000a0000000,0x00000000a13ff5d0,0x00000000a5880000)
 Metaspace       used 48813K, capacity 50042K, committed 50136K, reserved 1093632K
  class space    used 6616K, capacity 6898K, committed 6912K, reserved 1048576K
}

